<?xml version="1.0" encoding="UTF-8"?>
<testng-results ignored="0" total="1" passed="1" failed="0" skipped="0">
  <reporter-output>
  </reporter-output>
  <suite started-at="2023-05-23T01:19:35 EEST" name="WPT" finished-at="2023-05-23T01:19:46 EEST" duration-ms="10873">
    <groups>
    </groups>
    <test started-at="2023-05-23T01:19:35 EEST" name="Dex-Trade - Pixel perfect regression" finished-at="2023-05-23T01:19:46 EEST" duration-ms="10873">
      <class name="tests.marketsPageTests.HeaderTests">
        <test-method signature="all_header()[pri:0, instance:tests.marketsPageTests.HeaderTests@6daf7d37]" started-at="2023-05-23T01:19:36 EEST" name="all_header" finished-at="2023-05-23T01:19:46 EEST" duration-ms="10784" status="PASS">
          <reporter-output>
          </reporter-output>
        </test-method> <!-- all_header -->
        <test-method is-config="true" signature="clearCookiesAndLocalStorage()[pri:0, instance:tests.marketsPageTests.HeaderTests@6daf7d37]" started-at="2023-05-23T01:19:46 EEST" name="clearCookiesAndLocalStorage" finished-at="2023-05-23T01:19:46 EEST" duration-ms="67" status="PASS">
          <reporter-output>
          </reporter-output>
        </test-method> <!-- clearCookiesAndLocalStorage -->
        <test-method is-config="true" signature="close()[pri:0, instance:tests.marketsPageTests.HeaderTests@6daf7d37]" started-at="2023-05-23T01:19:51 EEST" name="close" finished-at="2023-05-23T01:19:52 EEST" duration-ms="111" status="PASS">
          <reporter-output>
          </reporter-output>
        </test-method> <!-- close -->
      </class> <!-- tests.marketsPageTests.HeaderTests -->
    </test> <!-- Dex-Trade - Pixel perfect regression -->
  </suite> <!-- WPT -->
</testng-results>
